<?xml version="1.0" encoding="UTF-8"?>
<!-- Generated by org.testng.reporters.JUnitReportReporter -->
<testsuite hostname="Ash27" failures="0" tests="4" name="com.fortrea.xmr.tests.LoginTest" time="54.685" errors="0" timestamp="2025-09-12T14:34:49 IST" skipped="0">
  <testcase classname="com.fortrea.xmr.tests.LoginTest" name="loginWithValidCredentials" time="9.455"/>
  <testcase classname="com.fortrea.xmr.tests.LoginTest" name="loginWithInValidCredentials" time="38.460"/>
  <testcase classname="com.fortrea.xmr.tests.LoginTest" name="TC_Login_004_passwordRequiredValidation" time="3.525"/>
  <testcase classname="com.fortrea.xmr.tests.LoginTest" name="TC_Login_003_blankUsernameOrPassword" time="3.245"/>
</testsuite> <!-- com.fortrea.xmr.tests.LoginTest -->
