<?xml version="1.0" encoding="UTF-8"?>
<!-- Generated by org.testng.reporters.JUnitReportReporter -->
<testsuite hostname="Ash27" failures="0" tests="1" name="com.fortrea.xmr.tests.ValidLoginTest" time="13.982" errors="0" timestamp="2025-08-05T18:55:18 IST" skipped="0">
  <testcase classname="com.fortrea.xmr.tests.ValidLoginTest" name="loginWithValidCredentials" time="13.982"/>
</testsuite> <!-- com.fortrea.xmr.tests.ValidLoginTest -->
